{"/Users/patricssin/vue-job-search/src/api/getJobs.js": {"path":"/Users/patricssin/vue-job-search/src/api/getJobs.js","statementMap":{"0":{"start":{"line":3,"column":16},"end":{"line":7,"column":1}},"1":{"start":{"line":4,"column":18},"end":{"line":4,"column":45}},"2":{"start":{"line":5,"column":19},"end":{"line":5,"column":53}},"3":{"start":{"line":6,"column":2},"end":{"line":6,"column":23}}},"fnMap":{"0":{"name":"(anonymous_0)","decl":{"start":{"line":3,"column":16},"end":{"line":3,"column":17}},"loc":{"start":{"line":3,"column":28},"end":{"line":7,"column":1}},"line":3}},"branchMap":{},"s":{"0":3,"1":2,"2":2,"3":2},"f":{"0":2},"b":{},"_coverageSchema":"1a1c01bbd47fc00a2c39e90264f33305004495a9","hash":"0b365bf403a7046870632137e4a96b69692e408a"}
,"/Users/patricssin/vue-job-search/src/components/JobResults/JobListing.vue": {"path":"/Users/patricssin/vue-job-search/src/components/JobResults/JobListing.vue","statementMap":{"0":{"start":{"line":55,"column":15},"end":{"line":55,"column":null}},"1":{"start":{"line":65,"column":6},"end":{"line":65,"column":14}}},"fnMap":{"0":{"name":"(anonymous_0)","decl":{"start":{"line":64,"column":4},"end":{"line":64,"column":15}},"loc":{"start":{"line":64,"column":18},"end":{"line":66,"column":null}}}},"branchMap":{},"s":{"0":1,"1":1},"f":{"0":1},"b":{}}
,"/Users/patricssin/vue-job-search/src/components/Navigation/ProfileImage.vue": {"path":"/Users/patricssin/vue-job-search/src/components/Navigation/ProfileImage.vue","statementMap":{"0":{"start":{"line":6,"column":15},"end":{"line":6,"column":null}},"1":{"start":{"line":9,"column":4},"end":{"line":9,"column":11}}},"fnMap":{"0":{"name":"(anonymous_0)","decl":{"start":{"line":8,"column":2},"end":{"line":8,"column":6}},"loc":{"start":{"line":8,"column":9},"end":{"line":13,"column":null}}}},"branchMap":{},"s":{"0":2,"1":1},"f":{"0":1},"b":{}}
,"/Users/patricssin/vue-job-search/src/components/Shared/HeaderContainer.vue": {"path":"/Users/patricssin/vue-job-search/src/components/Shared/HeaderContainer.vue","statementMap":{"0":{"start":{"line":12,"column":15},"end":{"line":12,"column":null}}},"fnMap":{},"branchMap":{},"s":{"0":1},"f":{},"b":{}}
,"/Users/patricssin/vue-job-search/src/components/Shared/TextInput.vue": {"path":"/Users/patricssin/vue-job-search/src/components/Shared/TextInput.vue","statementMap":{"0":{"start":{"line":12,"column":15},"end":{"line":12,"column":null}},"1":{"start":{"line":28,"column":6},"end":{"line":28,"column":11}}},"fnMap":{"0":{"name":"(anonymous_0)","decl":{"start":{"line":27,"column":4},"end":{"line":27,"column":15}},"loc":{"start":{"line":27,"column":24},"end":{"line":29,"column":null}}}},"branchMap":{},"s":{"0":2,"1":3},"f":{"0":3},"b":{}}
,"/Users/patricssin/vue-job-search/src/composables/useConfirmRoute.js": {"path":"/Users/patricssin/vue-job-search/src/composables/useConfirmRoute.js","statementMap":{"0":{"start":{"line":4,"column":24},"end":{"line":7,"column":1}},"1":{"start":{"line":5,"column":16},"end":{"line":5,"column":26}},"2":{"start":{"line":6,"column":2},"end":{"line":6,"column":50}},"3":{"start":{"line":6,"column":24},"end":{"line":6,"column":48}}},"fnMap":{"0":{"name":"(anonymous_0)","decl":{"start":{"line":4,"column":24},"end":{"line":4,"column":25}},"loc":{"start":{"line":4,"column":39},"end":{"line":7,"column":1}},"line":4},"1":{"name":"(anonymous_1)","decl":{"start":{"line":6,"column":18},"end":{"line":6,"column":19}},"loc":{"start":{"line":6,"column":24},"end":{"line":6,"column":48}},"line":6}},"branchMap":{},"s":{"0":3,"1":1,"2":1,"3":1},"f":{"0":1,"1":1},"b":{},"_coverageSchema":"1a1c01bbd47fc00a2c39e90264f33305004495a9","hash":"e9fd7063e845a29109e60b4fe8a854df6c1376cf"}
,"/Users/patricssin/vue-job-search/src/store/index.js": {"path":"/Users/patricssin/vue-job-search/src/store/index.js","statementMap":{"0":{"start":{"line":4,"column":26},"end":{"line":4,"column":38}},"1":{"start":{"line":5,"column":28},"end":{"line":5,"column":42}},"2":{"start":{"line":6,"column":42},"end":{"line":6,"column":70}},"3":{"start":{"line":7,"column":38},"end":{"line":7,"column":62}},"4":{"start":{"line":9,"column":26},"end":{"line":9,"column":38}},"5":{"start":{"line":11,"column":36},"end":{"line":11,"column":58}},"6":{"start":{"line":12,"column":44},"end":{"line":12,"column":74}},"7":{"start":{"line":13,"column":32},"end":{"line":13,"column":50}},"8":{"start":{"line":14,"column":29},"end":{"line":14,"column":44}},"9":{"start":{"line":15,"column":45},"end":{"line":15,"column":76}},"10":{"start":{"line":16,"column":41},"end":{"line":16,"column":68}},"11":{"start":{"line":18,"column":21},"end":{"line":25,"column":1}},"12":{"start":{"line":19,"column":2},"end":{"line":24,"column":4}},"13":{"start":{"line":27,"column":25},"end":{"line":40,"column":1}},"14":{"start":{"line":29,"column":4},"end":{"line":29,"column":28}},"15":{"start":{"line":32,"column":4},"end":{"line":32,"column":22}},"16":{"start":{"line":35,"column":4},"end":{"line":35,"column":48}},"17":{"start":{"line":38,"column":4},"end":{"line":38,"column":46}},"18":{"start":{"line":42,"column":23},"end":{"line":66,"column":1}},"19":{"start":{"line":44,"column":22},"end":{"line":44,"column":31}},"20":{"start":{"line":45,"column":4},"end":{"line":45,"column":65}},"21":{"start":{"line":45,"column":32},"end":{"line":45,"column":63}},"22":{"start":{"line":46,"column":4},"end":{"line":46,"column":21}},"23":{"start":{"line":49,"column":27},"end":{"line":49,"column":36}},"24":{"start":{"line":50,"column":4},"end":{"line":50,"column":65}},"25":{"start":{"line":50,"column":32},"end":{"line":50,"column":63}},"26":{"start":{"line":51,"column":4},"end":{"line":51,"column":26}},"27":{"start":{"line":53,"column":46},"end":{"line":56,"column":3}},"28":{"start":{"line":54,"column":4},"end":{"line":54,"column":62}},"29":{"start":{"line":54,"column":50},"end":{"line":54,"column":62}},"30":{"start":{"line":55,"column":4},"end":{"line":55,"column":66}},"31":{"start":{"line":57,"column":42},"end":{"line":60,"column":3}},"32":{"start":{"line":58,"column":4},"end":{"line":58,"column":57}},"33":{"start":{"line":58,"column":45},"end":{"line":58,"column":57}},"34":{"start":{"line":59,"column":4},"end":{"line":59,"column":56}},"35":{"start":{"line":62,"column":4},"end":{"line":64,"column":63}},"36":{"start":{"line":63,"column":23},"end":{"line":63,"column":65}},"37":{"start":{"line":64,"column":23},"end":{"line":64,"column":61}},"38":{"start":{"line":69,"column":23},"end":{"line":75,"column":1}},"39":{"start":{"line":71,"column":23},"end":{"line":71,"column":38}},"40":{"start":{"line":73,"column":4},"end":{"line":73,"column":45}},"41":{"start":{"line":77,"column":14},"end":{"line":83,"column":2}}},"fnMap":{"0":{"name":"(anonymous_0)","decl":{"start":{"line":18,"column":21},"end":{"line":18,"column":22}},"loc":{"start":{"line":18,"column":27},"end":{"line":25,"column":1}},"line":18},"1":{"name":"(anonymous_1)","decl":{"start":{"line":28,"column":2},"end":{"line":28,"column":3}},"loc":{"start":{"line":28,"column":22},"end":{"line":30,"column":3}},"line":28},"2":{"name":"(anonymous_2)","decl":{"start":{"line":31,"column":2},"end":{"line":31,"column":3}},"loc":{"start":{"line":31,"column":30},"end":{"line":33,"column":3}},"line":31},"3":{"name":"(anonymous_3)","decl":{"start":{"line":34,"column":2},"end":{"line":34,"column":3}},"loc":{"start":{"line":34,"column":53},"end":{"line":36,"column":3}},"line":34},"4":{"name":"(anonymous_4)","decl":{"start":{"line":37,"column":2},"end":{"line":37,"column":3}},"loc":{"start":{"line":37,"column":52},"end":{"line":39,"column":3}},"line":37},"5":{"name":"(anonymous_5)","decl":{"start":{"line":43,"column":2},"end":{"line":43,"column":3}},"loc":{"start":{"line":43,"column":32},"end":{"line":47,"column":3}},"line":43},"6":{"name":"(anonymous_6)","decl":{"start":{"line":45,"column":23},"end":{"line":45,"column":24}},"loc":{"start":{"line":45,"column":32},"end":{"line":45,"column":63}},"line":45},"7":{"name":"(anonymous_7)","decl":{"start":{"line":48,"column":2},"end":{"line":48,"column":3}},"loc":{"start":{"line":48,"column":28},"end":{"line":52,"column":3}},"line":48},"8":{"name":"(anonymous_8)","decl":{"start":{"line":50,"column":23},"end":{"line":50,"column":24}},"loc":{"start":{"line":50,"column":32},"end":{"line":50,"column":63}},"line":50},"9":{"name":"(anonymous_9)","decl":{"start":{"line":53,"column":35},"end":{"line":53,"column":36}},"loc":{"start":{"line":53,"column":46},"end":{"line":56,"column":3}},"line":53},"10":{"name":"(anonymous_10)","decl":{"start":{"line":53,"column":46},"end":{"line":53,"column":47}},"loc":{"start":{"line":53,"column":55},"end":{"line":56,"column":3}},"line":53},"11":{"name":"(anonymous_11)","decl":{"start":{"line":57,"column":31},"end":{"line":57,"column":32}},"loc":{"start":{"line":57,"column":42},"end":{"line":60,"column":3}},"line":57},"12":{"name":"(anonymous_12)","decl":{"start":{"line":57,"column":42},"end":{"line":57,"column":43}},"loc":{"start":{"line":57,"column":51},"end":{"line":60,"column":3}},"line":57},"13":{"name":"(anonymous_13)","decl":{"start":{"line":61,"column":2},"end":{"line":61,"column":3}},"loc":{"start":{"line":61,"column":34},"end":{"line":65,"column":3}},"line":61},"14":{"name":"(anonymous_14)","decl":{"start":{"line":63,"column":14},"end":{"line":63,"column":15}},"loc":{"start":{"line":63,"column":23},"end":{"line":63,"column":65}},"line":63},"15":{"name":"(anonymous_15)","decl":{"start":{"line":64,"column":14},"end":{"line":64,"column":15}},"loc":{"start":{"line":64,"column":23},"end":{"line":64,"column":61}},"line":64},"16":{"name":"(anonymous_16)","decl":{"start":{"line":70,"column":16},"end":{"line":70,"column":17}},"loc":{"start":{"line":70,"column":35},"end":{"line":74,"column":3}},"line":70}},"branchMap":{"0":{"loc":{"start":{"line":54,"column":4},"end":{"line":54,"column":62}},"type":"if","locations":[{"start":{"line":54,"column":4},"end":{"line":54,"column":62}},{"start":{},"end":{}}],"line":54},"1":{"loc":{"start":{"line":58,"column":4},"end":{"line":58,"column":57}},"type":"if","locations":[{"start":{"line":58,"column":4},"end":{"line":58,"column":57}},{"start":{},"end":{}}],"line":58}},"s":{"0":2,"1":2,"2":2,"3":2,"4":2,"5":2,"6":2,"7":2,"8":2,"9":2,"10":2,"11":2,"12":5,"13":2,"14":1,"15":1,"16":1,"17":1,"18":2,"19":1,"20":1,"21":3,"22":1,"23":1,"24":1,"25":3,"26":1,"27":0,"28":0,"29":0,"30":0,"31":0,"32":0,"33":0,"34":0,"35":1,"36":1,"37":1,"38":2,"39":2,"40":2,"41":2},"f":{"0":5,"1":1,"2":1,"3":1,"4":1,"5":1,"6":3,"7":1,"8":3,"9":0,"10":0,"11":0,"12":0,"13":1,"14":1,"15":1,"16":2},"b":{"0":[0,0],"1":[0,0]},"_coverageSchema":"1a1c01bbd47fc00a2c39e90264f33305004495a9","hash":"bd6f77fbbe3aeb327af5b280e454c0b06bccca49"}
,"/Users/patricssin/vue-job-search/src/utils/nextElementInList..js": {"path":"/Users/patricssin/vue-job-search/src/utils/nextElementInList..js","statementMap":{"0":{"start":{"line":1,"column":26},"end":{"line":7,"column":1}},"1":{"start":{"line":2,"column":29},"end":{"line":2,"column":48}},"2":{"start":{"line":3,"column":26},"end":{"line":3,"column":64}},"3":{"start":{"line":4,"column":21},"end":{"line":4,"column":42}},"4":{"start":{"line":6,"column":2},"end":{"line":6,"column":20}}},"fnMap":{"0":{"name":"(anonymous_0)","decl":{"start":{"line":1,"column":26},"end":{"line":1,"column":27}},"loc":{"start":{"line":1,"column":43},"end":{"line":7,"column":1}},"line":1}},"branchMap":{},"s":{"0":2,"1":4,"2":4,"3":4,"4":4},"f":{"0":4},"b":{},"_coverageSchema":"1a1c01bbd47fc00a2c39e90264f33305004495a9","hash":"419c3346ecd6f352eda610e737e5ccfb1e3ab88a"}
}
